<?xml version="1.0" encoding="UTF-8"?>
<!-- Generated by org.testng.reporters.JUnitReportReporter -->
<testsuite hostname="P5RO-PORT1736" failures="0" tests="3" name="mavenReportsCristianStefan.TestNGTutorial.day4" time="0.003" errors="0" timestamp="2022-09-08T16:48:53 EEST" skipped="0">
  <testcase classname="mavenReportsCristianStefan.TestNGTutorial.day4" name="WebLoginHomeLoan" time="0.001"/>
  <system-out/>
  <testcase classname="mavenReportsCristianStefan.TestNGTutorial.day4" name="MobileLoginHomeLoan" time="0.001"/>
  <system-out/>
  <testcase classname="mavenReportsCristianStefan.TestNGTutorial.day4" name="LogInAPIhomeLoan" time="0.001"/>
  <system-out/>
</testsuite> <!-- mavenReportsCristianStefan.TestNGTutorial.day4 -->
