<?xml version="1.0" encoding="UTF-8"?>
<!-- Generated by org.testng.reporters.JUnitReportReporter -->
<testsuite hostname="P5RO-PORT1736" failures="0" tests="1" name="mavenReportsCristianStefan.TestNGTutorial.day1" time="0.004" errors="0" timestamp="2022-09-08T16:48:53 EEST" skipped="0">
  <testcase classname="mavenReportsCristianStefan.TestNGTutorial.day1" name="Day2" time="0.004"/>
  <system-out/>
</testsuite> <!-- mavenReportsCristianStefan.TestNGTutorial.day1 -->
