<?xml version="1.0" encoding="UTF-8"?>
<!-- Generated by org.testng.reporters.JUnitReportReporter -->
<testsuite hostname="P5RO-PORT1736" failures="0" tests="6" name="mavenReportsCristianStefan.TestNGTutorial.day3" time="0.015" errors="0" timestamp="2022-09-08T16:48:53 EEST" skipped="1">
  <testcase classname="mavenReportsCristianStefan.TestNGTutorial.day3" name="MobileLoginCarLoan" time="0.006"/>
  <system-out/>
  <testcase classname="mavenReportsCristianStefan.TestNGTutorial.day3" name="MobileSignOut" time="0.001"/>
  <system-out/>
  <testcase classname="mavenReportsCristianStefan.TestNGTutorial.day3" name="APIcarLoan" time="0.003"/>
  <system-out/>
  <testcase classname="mavenReportsCristianStefan.TestNGTutorial.day3" name="WebLoginCarLoan" time="0.003"/>
  <system-out/>
  <testcase classname="mavenReportsCristianStefan.TestNGTutorial.day3" name="cristianParams" time="0.002"/>
  <system-out/>
  <testcase classname="mavenReportsCristianStefan.TestNGTutorial.day3" name="MobileSignInLoan">
    <skipped/>
  </testcase> <!-- MobileSignInLoan -->
  <system-out/>
</testsuite> <!-- mavenReportsCristianStefan.TestNGTutorial.day3 -->
