<?xml version="1.0" encoding="UTF-8"?>
<!-- Generated by org.testng.reporters.JUnitReportReporter -->
<testsuite hostname="P5RO-PORT1736" failures="0" tests="4" name="mavenReportsCristianStefan.TestNGTutorial.day2" time="0.005" errors="0" timestamp="2022-09-08T16:48:53 EEST" skipped="0">
  <testcase classname="mavenReportsCristianStefan.TestNGTutorial.day2" name="Day2" time="0.001"/>
  <system-out/>
  <testcase classname="mavenReportsCristianStefan.TestNGTutorial.day2" name="Day2" time="0.000"/>
  <system-out/>
  <testcase classname="mavenReportsCristianStefan.TestNGTutorial.day2" name="Day1" time="0.001"/>
  <system-out/>
  <testcase classname="mavenReportsCristianStefan.TestNGTutorial.day2" name="Day1" time="0.003"/>
  <system-out/>
</testsuite> <!-- mavenReportsCristianStefan.TestNGTutorial.day2 -->
